D:\Angular\Chat-Application\ChatApplicationAPI\ChatApplicationAPI\Client-App\dist\out-tsc\app\services\chat.service.js
D:\Angular\Chat-Application\ChatApplicationAPI\ChatApplicationAPI\Client-App\dist\out-tsc\app\services\chat.service.js.map
D:\Angular\Chat-Application\ChatApplicationAPI\ChatApplicationAPI\Client-App\dist\out-tsc\app\component\join-room\join-room.component.js
D:\Angular\Chat-Application\ChatApplicationAPI\ChatApplicationAPI\Client-App\dist\out-tsc\app\component\join-room\join-room.component.js.map
D:\Angular\Chat-Application\ChatApplicationAPI\ChatApplicationAPI\Client-App\dist\out-tsc\app\component\welcome\welcome.component.js
D:\Angular\Chat-Application\ChatApplicationAPI\ChatApplicationAPI\Client-App\dist\out-tsc\app\component\welcome\welcome.component.js.map
D:\Angular\Chat-Application\ChatApplicationAPI\ChatApplicationAPI\Client-App\dist\out-tsc\app\component\chat\chat.component.js
D:\Angular\Chat-Application\ChatApplicationAPI\ChatApplicationAPI\Client-App\dist\out-tsc\app\component\chat\chat.component.js.map
D:\Angular\Chat-Application\ChatApplicationAPI\ChatApplicationAPI\Client-App\dist\out-tsc\app\app-routing.module.js
D:\Angular\Chat-Application\ChatApplicationAPI\ChatApplicationAPI\Client-App\dist\out-tsc\app\app-routing.module.js.map
D:\Angular\Chat-Application\ChatApplicationAPI\ChatApplicationAPI\Client-App\dist\out-tsc\app\app.component.js
D:\Angular\Chat-Application\ChatApplicationAPI\ChatApplicationAPI\Client-App\dist\out-tsc\app\app.component.js.map
D:\Angular\Chat-Application\ChatApplicationAPI\ChatApplicationAPI\Client-App\dist\out-tsc\app\app.module.js
D:\Angular\Chat-Application\ChatApplicationAPI\ChatApplicationAPI\Client-App\dist\out-tsc\app\app.module.js.map
D:\Angular\Chat-Application\ChatApplicationAPI\ChatApplicationAPI\Client-App\dist\out-tsc\main.js
D:\Angular\Chat-Application\ChatApplicationAPI\ChatApplicationAPI\Client-App\dist\out-tsc\main.js.map
D:\Angular\Chat-Application\ChatApplicationAPI\ChatApplicationAPI\Client-App\dist\out-tsc\app\app.component.spec.js
D:\Angular\Chat-Application\ChatApplicationAPI\ChatApplicationAPI\Client-App\dist\out-tsc\app\app.component.spec.js.map
D:\Angular\Chat-Application\ChatApplicationAPI\ChatApplicationAPI\Client-App\dist\out-tsc\app\component\chat\chat.component.spec.js
D:\Angular\Chat-Application\ChatApplicationAPI\ChatApplicationAPI\Client-App\dist\out-tsc\app\component\chat\chat.component.spec.js.map
D:\Angular\Chat-Application\ChatApplicationAPI\ChatApplicationAPI\Client-App\dist\out-tsc\app\component\join-room\join-room.component.spec.js
D:\Angular\Chat-Application\ChatApplicationAPI\ChatApplicationAPI\Client-App\dist\out-tsc\app\component\join-room\join-room.component.spec.js.map
D:\Angular\Chat-Application\ChatApplicationAPI\ChatApplicationAPI\Client-App\dist\out-tsc\app\component\welcome\welcome.component.spec.js
D:\Angular\Chat-Application\ChatApplicationAPI\ChatApplicationAPI\Client-App\dist\out-tsc\app\component\welcome\welcome.component.spec.js.map
D:\Angular\Chat-Application\ChatApplicationAPI\ChatApplicationAPI\Client-App\dist\out-tsc\app\services\chat.service.spec.js
D:\Angular\Chat-Application\ChatApplicationAPI\ChatApplicationAPI\Client-App\dist\out-tsc\app\services\chat.service.spec.js.map
